[22:02:32] [INFO] Debug mode enabled
[22:02:34] [INFO] 
#MAIN_FUNC selection made: X:5 Y:2...
[22:02:34] [INFO] 
#BOX_CLICKED -
[22:02:34] [INFO] $highlighted_Piece: flag: 0 row: -1 col: -1
[22:02:34] [INFO] $selected_piece: row: 5 col: 2
[22:02:34] [INFO] 
#MAIN_FUNC selection made: X:4 Y:3...
[22:02:34] [INFO] 
#BOX_CLICKED -
[22:02:34] [INFO] $highlighted_Piece: flag: 2 row: 5 col: 2
[22:02:34] [INFO] $selected_piece: row: 4 col: 3
[22:02:34] [INFO] #ValidMove
[22:02:34] [INFO] current Player: 1
[22:02:34] [INFO] [BOARD STATE]
[22:02:34] [INFO] -9 1 -9 1 -9 1 -9 1 
[22:02:34] [INFO] 1 -9 1 -9 1 -9 1 -9 
[22:02:34] [INFO] -9 0 -9 1 -9 1 -9 1 
[22:02:34] [INFO] 1 -9 0 -9 0 -9 0 -9 
[22:02:34] [INFO] -9 0 -9 2 -9 0 -9 0 
[22:02:34] [INFO] 2 -9 0 -9 2 -9 2 -9 
[22:02:34] [INFO] -9 2 -9 2 -9 2 -9 2 
[22:02:34] [INFO] 2 -9 2 -9 2 -9 2 -9 
[22:02:34] [INFO] ----------------------
[22:02:36] [INFO] 
#MAIN_FUNC selection made: X:5 Y:4...
[22:02:36] [INFO] 
#BOX_CLICKED -
[22:02:36] [INFO] $highlighted_Piece: flag: 2 row: 5 col: 2
[22:02:36] [INFO] $selected_piece: row: 5 col: 4
[22:02:37] [INFO] 
#MAIN_FUNC selection made: X:4 Y:5...
[22:02:37] [INFO] 
#BOX_CLICKED -
[22:02:37] [INFO] $highlighted_Piece: flag: 2 row: 5 col: 4
[22:02:37] [INFO] $selected_piece: row: 4 col: 5
[22:02:37] [INFO] #ValidMove
[22:02:37] [INFO] current Player: 1
[22:02:37] [INFO] [BOARD STATE]
[22:02:37] [INFO] -9 1 -9 1 -9 1 -9 1 
[22:02:37] [INFO] 1 -9 1 -9 1 -9 1 -9 
[22:02:37] [INFO] -9 0 -9 0 -9 1 -9 1 
[22:02:37] [INFO] 1 -9 0 -9 1 -9 0 -9 
[22:02:37] [INFO] -9 0 -9 2 -9 2 -9 0 
[22:02:37] [INFO] 2 -9 0 -9 0 -9 2 -9 
[22:02:37] [INFO] -9 2 -9 2 -9 2 -9 2 
[22:02:37] [INFO] 2 -9 2 -9 2 -9 2 -9 
[22:02:37] [INFO] ----------------------
[22:02:37] [INFO] 
#MAIN_FUNC selection made: X:4 Y:5...
[22:02:37] [INFO] 
#BOX_CLICKED -
[22:02:37] [INFO] $highlighted_Piece: flag: 2 row: 5 col: 4
[22:02:37] [INFO] $selected_piece: row: 4 col: 5
[22:02:38] [INFO] 
#MAIN_FUNC selection made: X:2 Y:3...
[22:02:38] [INFO] 
#BOX_CLICKED -
[22:02:38] [INFO] $highlighted_Piece: flag: 2 row: 4 col: 5
[22:02:38] [INFO] $selected_piece: row: 2 col: 3
[22:02:38] [INFO] current Player: 1
[22:02:38] [INFO] [BOARD STATE]
[22:02:38] [INFO] -9 1 -9 1 -9 1 -9 1 
[22:02:38] [INFO] 1 -9 0 -9 1 -9 1 -9 
[22:02:38] [INFO] -9 0 -9 0 -9 1 -9 1 
[22:02:38] [INFO] 1 -9 0 -9 0 -9 0 -9 
[22:02:38] [INFO] -9 0 -9 0 -9 0 -9 0 
[22:02:38] [INFO] 2 -9 1 -9 0 -9 2 -9 
[22:02:38] [INFO] -9 2 -9 2 -9 2 -9 2 
[22:02:38] [INFO] 2 -9 2 -9 2 -9 2 -9 
[22:02:38] [INFO] ----------------------
